2014-04-25 11:34:14,435 ERROR [Worker-7] - System.err - SLF4J: Failed to load class "org.slf4j.impl.StaticLoggerBinder".
2014-04-25 11:34:14,436 ERROR [Worker-7] - System.err - SLF4J: Defaulting to no-operation (NOP) logger implementation
2014-04-25 11:34:14,436 ERROR [Worker-7] - System.err - SLF4J: See http://www.slf4j.org/codes.html#StaticLoggerBinder for further details.
2014-05-01 13:36:13,338 ERROR [Worker-102] - System.err - SLF4J: Failed to load class "org.slf4j.impl.StaticLoggerBinder".
2014-05-01 13:36:13,585 ERROR [Worker-102] - System.err - SLF4J: Defaulting to no-operation (NOP) logger implementation
2014-05-01 13:36:13,585 ERROR [Worker-102] - System.err - SLF4J: See http://www.slf4j.org/codes.html#StaticLoggerBinder for further details.
2014-05-01 14:26:54,104  WARN [ModalContext] - ImplicitHighlightingPresenter - Timeout while waiting for `askLoadedTyped` during implicit highlighting.
2014-05-09 10:29:29,369 ERROR [Worker-73] - System.err - SLF4J: Failed to load class "org.slf4j.impl.StaticLoggerBinder".
2014-05-09 10:29:29,448 ERROR [Worker-73] - System.err - SLF4J: Defaulting to no-operation (NOP) logger implementation
2014-05-09 10:29:29,448 ERROR [Worker-73] - System.err - SLF4J: See http://www.slf4j.org/codes.html#StaticLoggerBinder for further details.
2014-05-09 12:03:25,815 ERROR [main] - org.scala-ide.sdt.core - org.scala-ide.sdt.core - org.scala-ide.sdt.core - 0 - Error during askOption
java.lang.StringIndexOutOfBoundsException: String index out of range: -1
	at java.lang.String.substring(Unknown Source)
	at scala.tools.refactoring.common.PimpedTrees$TreeMethodsForPositions.nameString(PimpedTrees.scala:317)
	at scala.tools.refactoring.common.PimpedTrees$TreeMethodsForPositions.namePosition(PimpedTrees.scala:226)
	at scala.tools.eclipse.semantichighlighting.classifier.SafeSymbol$$anonfun$5.apply(SafeSymbol.scala:109)
	at scala.tools.eclipse.semantichighlighting.classifier.SafeSymbol$$anonfun$5.apply(SafeSymbol.scala:109)
	at scala.tools.nsc.util.InterruptReq.execute(InterruptReq.scala:26)
	at scala.tools.nsc.interactive.Global.pollForWork(Global.scala:346)
	at scala.tools.nsc.interactive.Global.pollForWork(Global.scala:351)
	at scala.tools.nsc.interactive.Global.pollForWork(Global.scala:351)
	at scala.tools.nsc.interactive.Global.pollForWork(Global.scala:351)
	at scala.tools.nsc.interactive.Global.pollForWork(Global.scala:351)
	at scala.tools.nsc.interactive.Global.pollForWork(Global.scala:351)
	at scala.tools.nsc.interactive.Global.pollForWork(Global.scala:351)
	at scala.tools.nsc.interactive.Global.pollForWork(Global.scala:351)
	at scala.tools.nsc.interactive.Global.pollForWork(Global.scala:351)
	at scala.tools.nsc.interactive.Global.pollForWork(Global.scala:351)
	at scala.tools.nsc.interactive.Global.pollForWork(Global.scala:351)
	at scala.tools.nsc.interactive.Global.pollForWork(Global.scala:351)
	at scala.tools.nsc.interactive.Global.pollForWork(Global.scala:351)
	at scala.tools.nsc.interactive.Global.pollForWork(Global.scala:351)
	at scala.tools.nsc.interactive.Global.pollForWork(Global.scala:351)
	at scala.tools.nsc.interactive.Global.pollForWork(Global.scala:351)
	at scala.tools.nsc.interactive.Global.pollForWork(Global.scala:351)
	at scala.tools.nsc.interactive.Global.pollForWork(Global.scala:351)
	at scala.tools.nsc.interactive.Global.pollForWork(Global.scala:351)
	at scala.tools.nsc.interactive.Global.pollForWork(Global.scala:351)
	at scala.tools.nsc.interactive.Global.pollForWork(Global.scala:351)
	at scala.tools.nsc.interactive.Global.pollForWork(Global.scala:351)
	at scala.tools.nsc.interactive.Global.pollForWork(Global.scala:351)
	at scala.tools.nsc.interactive.Global.pollForWork(Global.scala:351)
	at scala.tools.nsc.interactive.Global.pollForWork(Global.scala:351)
	at scala.tools.nsc.interactive.Global.pollForWork(Global.scala:351)
	at scala.tools.nsc.interactive.Global.pollForWork(Global.scala:351)
	at scala.tools.nsc.interactive.Global.pollForWork(Global.scala:351)
	at scala.tools.nsc.interactive.Global.pollForWork(Global.scala:351)
	at scala.tools.nsc.interactive.Global.pollForWork(Global.scala:351)
	at scala.tools.nsc.interactive.Global.pollForWork(Global.scala:351)
	at scala.tools.nsc.interactive.Global.pollForWork(Global.scala:351)
	at scala.tools.nsc.interactive.Global.pollForWork(Global.scala:351)
	at scala.tools.nsc.interactive.Global.pollForWork(Global.scala:351)
	at scala.tools.nsc.interactive.Global.pollForWork(Global.scala:351)
	at scala.tools.nsc.interactive.Global.pollForWork(Global.scala:351)
	at scala.tools.nsc.interactive.Global.pollForWork(Global.scala:351)
	at scala.tools.nsc.interactive.Global.pollForWork(Global.scala:351)
	at scala.tools.nsc.interactive.Global.pollForWork(Global.scala:351)
	at scala.tools.nsc.interactive.Global.pollForWork(Global.scala:351)
	at scala.tools.nsc.interactive.Global.pollForWork(Global.scala:351)
	at scala.tools.nsc.interactive.Global.pollForWork(Global.scala:351)
	at scala.tools.nsc.interactive.Global.pollForWork(Global.scala:351)
	at scala.tools.nsc.interactive.Global.pollForWork(Global.scala:351)
	at scala.tools.nsc.interactive.Global.pollForWork(Global.scala:351)
	at scala.tools.nsc.interactive.Global.pollForWork(Global.scala:351)
	at scala.tools.nsc.interactive.Global.pollForWork(Global.scala:351)
	at scala.tools.nsc.interactive.Global.pollForWork(Global.scala:351)
	at scala.tools.nsc.interactive.Global.pollForWork(Global.scala:351)
	at scala.tools.nsc.interactive.Global.pollForWork(Global.scala:351)
	at scala.tools.nsc.interactive.Global.pollForWork(Global.scala:351)
	at scala.tools.nsc.interactive.Global.pollForWork(Global.scala:351)
	at scala.tools.nsc.interactive.Global.pollForWork(Global.scala:351)
	at scala.tools.nsc.interactive.Global.pollForWork(Global.scala:351)
	at scala.tools.nsc.interactive.Global.pollForWork(Global.scala:351)
	at scala.tools.nsc.interactive.Global.pollForWork(Global.scala:351)
	at scala.tools.nsc.interactive.Global.pollForWork(Global.scala:351)
	at scala.tools.nsc.interactive.PresentationCompilerThread.run(PresentationCompilerThread.scala:22)
2014-05-09 12:15:50,212 ERROR [main] - org.scala-ide.sdt.core - org.scala-ide.sdt.core - org.scala-ide.sdt.core - 0 - Error during askOption
java.lang.StringIndexOutOfBoundsException: String index out of range: -1
	at java.lang.String.substring(Unknown Source)
	at scala.tools.refactoring.common.PimpedTrees$TreeMethodsForPositions.nameString(PimpedTrees.scala:317)
	at scala.tools.refactoring.common.PimpedTrees$TreeMethodsForPositions.namePosition(PimpedTrees.scala:226)
	at scala.tools.eclipse.semantichighlighting.classifier.SafeSymbol$$anonfun$5.apply(SafeSymbol.scala:109)
	at scala.tools.eclipse.semantichighlighting.classifier.SafeSymbol$$anonfun$5.apply(SafeSymbol.scala:109)
	at scala.tools.nsc.util.InterruptReq.execute(InterruptReq.scala:26)
	at scala.tools.nsc.interactive.Global.pollForWork(Global.scala:346)
	at scala.tools.nsc.interactive.Global.pollForWork(Global.scala:351)
	at scala.tools.nsc.interactive.Global.pollForWork(Global.scala:351)
	at scala.tools.nsc.interactive.Global.pollForWork(Global.scala:351)
	at scala.tools.nsc.interactive.Global.pollForWork(Global.scala:351)
	at scala.tools.nsc.interactive.Global.pollForWork(Global.scala:351)
	at scala.tools.nsc.interactive.Global.pollForWork(Global.scala:351)
	at scala.tools.nsc.interactive.Global.pollForWork(Global.scala:351)
	at scala.tools.nsc.interactive.Global.pollForWork(Global.scala:351)
	at scala.tools.nsc.interactive.Global.pollForWork(Global.scala:351)
	at scala.tools.nsc.interactive.Global.pollForWork(Global.scala:351)
	at scala.tools.nsc.interactive.Global.pollForWork(Global.scala:351)
	at scala.tools.nsc.interactive.Global.pollForWork(Global.scala:351)
	at scala.tools.nsc.interactive.Global.pollForWork(Global.scala:351)
	at scala.tools.nsc.interactive.Global.pollForWork(Global.scala:351)
	at scala.tools.nsc.interactive.Global.pollForWork(Global.scala:351)
	at scala.tools.nsc.interactive.Global.pollForWork(Global.scala:351)
	at scala.tools.nsc.interactive.Global.pollForWork(Global.scala:351)
	at scala.tools.nsc.interactive.Global.pollForWork(Global.scala:351)
	at scala.tools.nsc.interactive.Global.pollForWork(Global.scala:351)
	at scala.tools.nsc.interactive.Global.pollForWork(Global.scala:351)
	at scala.tools.nsc.interactive.Global.pollForWork(Global.scala:351)
	at scala.tools.nsc.interactive.Global.pollForWork(Global.scala:351)
	at scala.tools.nsc.interactive.Global.pollForWork(Global.scala:351)
	at scala.tools.nsc.interactive.Global.pollForWork(Global.scala:351)
	at scala.tools.nsc.interactive.Global.pollForWork(Global.scala:351)
	at scala.tools.nsc.interactive.Global.pollForWork(Global.scala:351)
	at scala.tools.nsc.interactive.Global.pollForWork(Global.scala:351)
	at scala.tools.nsc.interactive.Global.pollForWork(Global.scala:351)
	at scala.tools.nsc.interactive.Global.pollForWork(Global.scala:351)
	at scala.tools.nsc.interactive.Global.pollForWork(Global.scala:351)
	at scala.tools.nsc.interactive.Global.pollForWork(Global.scala:351)
	at scala.tools.nsc.interactive.Global.pollForWork(Global.scala:351)
	at scala.tools.nsc.interactive.Global.pollForWork(Global.scala:351)
	at scala.tools.nsc.interactive.Global.pollForWork(Global.scala:351)
	at scala.tools.nsc.interactive.Global.pollForWork(Global.scala:351)
	at scala.tools.nsc.interactive.Global.pollForWork(Global.scala:351)
	at scala.tools.nsc.interactive.Global.pollForWork(Global.scala:351)
	at scala.tools.nsc.interactive.Global.pollForWork(Global.scala:351)
	at scala.tools.nsc.interactive.Global.pollForWork(Global.scala:351)
	at scala.tools.nsc.interactive.Global.pollForWork(Global.scala:351)
	at scala.tools.nsc.interactive.Global.pollForWork(Global.scala:351)
	at scala.tools.nsc.interactive.Global.pollForWork(Global.scala:351)
	at scala.tools.nsc.interactive.Global.pollForWork(Global.scala:351)
	at scala.tools.nsc.interactive.Global.pollForWork(Global.scala:351)
	at scala.tools.nsc.interactive.Global.pollForWork(Global.scala:351)
	at scala.tools.nsc.interactive.Global.pollForWork(Global.scala:351)
	at scala.tools.nsc.interactive.Global.pollForWork(Global.scala:351)
	at scala.tools.nsc.interactive.Global.pollForWork(Global.scala:351)
	at scala.tools.nsc.interactive.Global.pollForWork(Global.scala:351)
	at scala.tools.nsc.interactive.Global.pollForWork(Global.scala:351)
	at scala.tools.nsc.interactive.Global.pollForWork(Global.scala:351)
	at scala.tools.nsc.interactive.Global.pollForWork(Global.scala:351)
	at scala.tools.nsc.interactive.Global.pollForWork(Global.scala:351)
	at scala.tools.nsc.interactive.Global.pollForWork(Global.scala:351)
	at scala.tools.nsc.interactive.Global.pollForWork(Global.scala:351)
	at scala.tools.nsc.interactive.Global.pollForWork(Global.scala:351)
	at scala.tools.nsc.interactive.Global.pollForWork(Global.scala:351)
	at scala.tools.nsc.interactive.Global.pollForWork(Global.scala:351)
	at scala.tools.nsc.interactive.Global.pollForWork(Global.scala:351)
	at scala.tools.nsc.interactive.Global.pollForWork(Global.scala:351)
	at scala.tools.nsc.interactive.PresentationCompilerThread.run(PresentationCompilerThread.scala:22)
2014-05-13 13:02:55,167 ERROR [Worker-9] - System.err - SLF4J: Failed to load class "org.slf4j.impl.StaticLoggerBinder".
2014-05-13 13:02:55,223 ERROR [Worker-9] - System.err - SLF4J: Defaulting to no-operation (NOP) logger implementation
2014-05-13 13:02:55,223 ERROR [Worker-9] - System.err - SLF4J: See http://www.slf4j.org/codes.html#StaticLoggerBinder for further details.
2014-05-16 15:17:48,594 ERROR [main] - org.scala-ide.sdt.core - org.scala-ide.sdt.core - org.scala-ide.sdt.core - 0 - Error during askOption
java.lang.StringIndexOutOfBoundsException: String index out of range: -1
	at java.lang.String.substring(Unknown Source)
	at scala.tools.refactoring.common.PimpedTrees$TreeMethodsForPositions.nameString(PimpedTrees.scala:317)
	at scala.tools.refactoring.common.PimpedTrees$TreeMethodsForPositions.namePosition(PimpedTrees.scala:226)
	at scala.tools.eclipse.semantichighlighting.classifier.SafeSymbol$$anonfun$5.apply(SafeSymbol.scala:109)
	at scala.tools.eclipse.semantichighlighting.classifier.SafeSymbol$$anonfun$5.apply(SafeSymbol.scala:109)
	at scala.tools.nsc.util.InterruptReq.execute(InterruptReq.scala:26)
	at scala.tools.nsc.interactive.Global.pollForWork(Global.scala:346)
	at scala.tools.nsc.interactive.PresentationCompilerThread.run(PresentationCompilerThread.scala:22)
2014-05-22 08:58:34,139 ERROR [Worker-8] - System.err - SLF4J: Failed to load class "org.slf4j.impl.StaticLoggerBinder".
2014-05-22 08:58:34,223 ERROR [Worker-8] - System.err - SLF4J: Defaulting to no-operation (NOP) logger implementation
2014-05-22 08:58:34,223 ERROR [Worker-8] - System.err - SLF4J: See http://www.slf4j.org/codes.html#StaticLoggerBinder for further details.
